CUDA available:  True
[92mINFO [0m:      Starting Flower server, config: num_rounds=2, no round_timeout
[92mINFO [0m:      Flower ECE: gRPC server running (2 rounds), SSL is disabled
WARNING: All log messages before absl::InitializeLog() is called are written to STDERR
I0000 00:00:1747167841.674861  324716 fork_posix.cc:75] Other threads are currently calling into gRPC, skipping fork() handlers
[92mINFO [0m:      [INIT]
[92mINFO [0m:      Using initial global parameters provided by strategy
[92mINFO [0m:      Starting evaluation of initial global parameters
[92mINFO [0m:      Evaluation returned no results (`None`)
[92mINFO [0m:      
[92mINFO [0m:      [ROUND 1]
[92mINFO [0m:      configure_fit: strategy sampled 2 clients (out of 2)
[92mINFO [0m:      aggregate_fit: received 2 results and 0 failures
[93mWARNING [0m:   No fit_metrics_aggregation_fn provided
Saving round 1 aggregated_parameters...
[93mWARNING [0m:   No fit_metrics_aggregation_fn provided
Round 1 results
Distances [0.7071067690849304, 1.0]
Reputations [0.9610050320625305, 1.0]
Trusts [0.8976404666900635, 1.4142135381698608]
Dropped clients []
[92mINFO [0m:      configure_evaluate: strategy sampled 2 clients (out of 2)
[92mINFO [0m:      aggregate_evaluate: received 2 results and 0 failures
[93mWARNING [0m:   No evaluate_metrics_aggregation_fn provided
[92mINFO [0m:      
[92mINFO [0m:      [ROUND 2]
[92mINFO [0m:      configure_fit: strategy sampled 2 clients (out of 2)
[92mINFO [0m:      aggregate_fit: received 2 results and 0 failures
Saving round 2 aggregated_parameters...
Round 2 results
Distances [0.7071070671081543, 1.0]
Reputations [1.151381254196167, 1.3934693336486816]
Trusts [1.0214762687683105, 1.3216856718063354]
Dropped clients []
[92mINFO [0m:      configure_evaluate: strategy sampled 2 clients (out of 2)
[92mINFO [0m:      aggregate_evaluate: received 2 results and 0 failures
[92mINFO [0m:      
[92mINFO [0m:      [SUMMARY]
[92mINFO [0m:      Run finished 2 round(s) in 370.00s
[92mINFO [0m:      	History (loss, distributed):
[92mINFO [0m:      		round 1: 2.305353045463562
[92mINFO [0m:      		round 2: 2.35861873626709
[92mINFO [0m:      
I0000 00:00:1747168211.781448  324716 fork_posix.cc:75] Other threads are currently calling into gRPC, skipping fork() handlers
